<?xml version="1.0" encoding="UTF-8"?>
<testng-results ignored="0" total="3" passed="3" failed="0" skipped="0">
  <reporter-output>
  </reporter-output>
  <suite started-at="2024-01-16T15:37:56 IST" name="Default suite" finished-at="2024-01-16T15:38:12 IST" duration-ms="16839">
    <groups>
    </groups>
    <test started-at="2024-01-16T15:37:56 IST" name="Default test" finished-at="2024-01-16T15:38:12 IST" duration-ms="16839">
      <class name="org.par.A">
        <test-method is-config="true" signature="launchbrowser()[pri:0, instance:org.par.A@d9345cd]" started-at="2024-01-16T15:37:56 IST" name="launchbrowser" finished-at="2024-01-16T15:38:00 IST" duration-ms="4479" status="PASS">
          <reporter-output>
          </reporter-output>
        </test-method> <!-- launchbrowser -->
        <test-method is-config="true" signature="startDate()[pri:0, instance:org.par.A@d9345cd]" started-at="2024-01-16T15:38:00 IST" name="startDate" finished-at="2024-01-16T15:38:00 IST" duration-ms="0" status="PASS">
          <reporter-output>
          </reporter-output>
        </test-method> <!-- startDate -->
        <test-method signature="tc1()[pri:0, instance:org.par.A@d9345cd]" started-at="2024-01-16T15:38:00 IST" name="tc1" finished-at="2024-01-16T15:38:07 IST" duration-ms="6572" status="PASS">
          <reporter-output>
          </reporter-output>
        </test-method> <!-- tc1 -->
        <test-method is-config="true" signature="startDate()[pri:0, instance:org.par.A@d9345cd]" started-at="2024-01-16T15:38:07 IST" name="startDate" finished-at="2024-01-16T15:38:07 IST" duration-ms="0" status="PASS">
          <reporter-output>
          </reporter-output>
        </test-method> <!-- startDate -->
        <test-method signature="tc2()[pri:0, instance:org.par.A@d9345cd]" started-at="2024-01-16T15:38:07 IST" name="tc2" finished-at="2024-01-16T15:38:10 IST" duration-ms="3005" status="PASS">
          <reporter-output>
          </reporter-output>
        </test-method> <!-- tc2 -->
        <test-method signature="tc3()[pri:0, instance:org.par.A@d9345cd]" started-at="2024-01-16T15:38:10 IST" name="tc3" finished-at="2024-01-16T15:38:12 IST" duration-ms="2723" status="PASS">
          <reporter-output>
          </reporter-output>
        </test-method> <!-- tc3 -->
        <test-method is-config="true" signature="startDate()[pri:0, instance:org.par.A@d9345cd]" started-at="2024-01-16T15:38:10 IST" name="startDate" finished-at="2024-01-16T15:38:10 IST" duration-ms="0" status="PASS">
          <reporter-output>
          </reporter-output>
        </test-method> <!-- startDate -->
      </class> <!-- org.par.A -->
    </test> <!-- Default test -->
  </suite> <!-- Default suite -->
</testng-results>
